[RUN #0 2 2]


[RUN #1 10 10]
-960 120 367 -703 721 -998 756 646 277 -467
526 877 499 702 246 790 -808 588 -702 17
478 -775 2 650 91 389 -660 -609 336 -965
-110 669 -248 889 -820 -152 554 -963 101 18
240 -689 -331 -371 96 -742 -267 -708 145 -33
403 -450 -544 310 -365 -735 -270 -22 -533 477
463 182 -948 -661 600 194 -678 158 -964 387
-792 953 671 337 -390 818 -754 -864 708 68
-945 215 230 -648 261 276 793 -271 -572 22
-32 511 -412 -174 -85 -991 -63 694 351 585
[RUN #2 10 1]
718 661 887 -194 986 254 592 734 821 302
[RUN #3 2 10]
504 -812
-959 373
-797 720
-576 442
-977 150
197 -189
326 587
795 38
600 -654
999 834
[RUN #4 2 1]
-879 -225
[RUN #5 1 1]
-690
[RUN #6 1 100]
-424
396
56
475
-554
774
-375
-757
360
-210
223
192
-143
-638
443
-825
196
501
314
-819
399
-588
-352
-466
-216
790
892
161
-765
927
577
740
608
745
-238
-616
-322
640
-224
-356
330
-982
-3
429
-777
-187
-445
820
-325
-523
-246
431
-34
-676
577
969
966
565
582
488
-366
113
-873
-13
780
494
744
898
353
743
416
604
-583
932
-934
976
538
-288
-33
350
639
-30
-354
767
-102
-898
307
539
18
935
-661
27
345
-910
284
-578
-537
-754
-716
-643
[RUN #7 2 100]
224 169
444 810
-312 856
85 154
933 420
-261 601
-328 548
97 303
811 -335
104 -140
663 -141
497 922
-352 -135
-5 722
382 -893
-86 454
417 -182
-921 608
-264 278
-595 318
-823 811
-63 47
-690 -568
-756 332
636 -33
-132 -474
332 -160
114 254
-571 65
-770 -839
404 95
365 484
146 -933
-590 615
-180 -654
-708 431
-18 470
705 106
354 759
-627 -284
333 -312
825 -667
-802 -274
-481 23
809 27
515 -870
-34 -972
726 -962
-938 118
44 -1000
341 596
-219 -38
367 406
-363 353
-551 672
-93 -59
533 -64
413 15
873 -885
694 -387
318 -648
-89 -137
-993 -678
653 705
206 -373
-664 -577
344 -551
-375 -297
-815 461
-866 537
259 -245
-778 -822
-112 -226
745 383
320 -568
920 -716
473 102
320 -486
661 -507
449 983
-152 359
317 410
-891 -889
612 212
-233 7
-559 3
-565 -804
-407 625
806 242
-74 -362
-394 558
-685 -921
-541 421
-611 -377
-967 -243
-328 -719
62 -957
-931 -411
-873 -344
858 -534
[RUN #8 3 100]
620 368 852
-934 262 -540
327 -306 -144
-735 368 106
554 318 -331
967 -475 39
698 209 845
918 455 -636
-711 -894 289
-171 65 37
771 -690 -966
-473 -230 -299
699 -108 933
-398 -996 125
-838 -467 -585
940 -83 90
952 -659 -854
452 -365 499
-414 935 -724
143 -923 607
171 898 802
-957 -159 824
642 749 -40
-447 -11 -330
761 -989 -77
-71 -862 750
617 -313 -543
-390 -272 147
-666 -138 681
832 -926 388
204 595 -225
-569 -101 958
-230 -361 -770
-77 -139 -816
95 499 -22
-254 89 -885
226 -431 -828
-300 -50 833
925 586 431
-351 775 -900
-787 117 -733
913 58 -607
197 729 -573
-247 827 -746
412 139 950
371 22 -310
-547 -430 894
833 -376 394
345 -219 -887
377 -479 531
943 76 -959
-801 -977 998
-813 -40 529
-511 945 605
-443 -666 -458
951 -655 -714
-92 624 357
-420 679 425
-187 288 -370
149 -55 223
-764 -56 415
-649 -659 -366
886 911 53
628 -881 872
114 786 623
299 500 -484
705 409 35
-41 28 -11
416 168 175
-570 600 -512
49 -631 598
-709 427 526
295 -337 -103
-759 45 -54
23 -631 699
-937 468 229
939 188 -240
755 182 404
-375 267 129
361 -650 21
354 681 140
924 -743 76
-330 -317 935
-624 -214 -612
969 21 -957
-543 495 -453
802 976 464
-146 63 -563
-49 -672 -965
-853 -215 -598
499 629 999
665 988 -695
-99 834 -559
152 961 -561
808 -226 326
674 642 -380
-309 -835 -317
862 751 822
-438 944 541
178 98 -393
[RUN #9 3 100]
-264 -585 524
-178 -839 522
870 800 -116
57 -12 -868
874 -204 113
724 24 258
-718 -205 410
638 -103 -771
517 -360 -816
470 -169 645
-971 444 257
-141 -237 -174
-451 -264 748
830 -977 -683
-960 -929 791
-125 -867 32
913 -815 737
130 -650 -22
-263 871 -875
-827 582 980
-861 -930 -237
-739 629 -374
293 307 -508
366 -340 692
-592 -214 644
-333 471 445
-295 983 712
868 531 332
247 -695 713
725 424 -136
-754 917 877
733 722 567
-442 548 248
-825 -152 162
-139 -756 -566
252 108 -109
998 494 50
-457 -477 -300
60 -903 -263
353 -694 751
894 -194 289
357 415 557
705 856 -778
-39 -654 115
-474 -403 556
684 863 -471
432 -571 -374
910 248 -695
-75 -772 -136
-7 -557 928
582 -808 854
-155 -411 -18
-700 848 631
973 852 352
-315 954 -476
158 282 -624
-866 -20 276
128 -738 368
-266 563 -443
-448 -706 -720
283 435 -191
497 986 134
514 76 755
-70 -209 907
-516 -6 -814
983 -955 817
-467 -339 -623
28 884 850
16 784 381
-575 948 559
-200 -568 183
611 -108 522
-856 22 931
-359 740 -618
205 749 316
-800 337 969
641 -352 109
106 870 664
421 -431 -112
902 -501 -720
497 633 720
-303 171 663
-856 -934 569
-457 374 -42
-386 -585 -479
873 761 -847
348 131 810
-642 555 -381
-870 889 272
794 507 -464
-913 574 -270
-348 -245 753
-556 865 -745
297 -412 -736
-1000 140 -565
-227 544 -374
542 379 626
394 -130 -425
378 -427 -659
-140 -115 -509
[RUN #10 3 100]
-493 512 551
613 924 -645
485 -305 -720
-655 890 -154
-507 640 283
108 -330 745
458 352 -737
816 -256 -611
98 933 -949
-390 994 -4
610 -194 -564
-759 660 -36
-153 776 932
924 930 -360
593 320 -212
201 -486 -604
-402 431 496
-261 773 -463
972 796 -79
-942 -265 -504
-257 676 898
-307 405 -138
-319 -781 28
95 -276 722
-341 -808 323
900 -78 -882
41 -452 325
988 285 870
-348 449 -71
-710 -780 531
-238 -782 751
-438 -44 -726
-323 399 -806
-566 -379 281
686 -53 282
424 -44 944
697 -712 337
809 -633 192
125 -204 -414
-848 216 -975
508 177 -369
-424 -438 -248
-381 -17 -458
731 506 -396
306 974 -817
-379 3 -54
-694 931 -569
-731 790 527
-723 -179 377
-90 297 652
-707 -316 -515
255 -254 181
-159 664 473
656 322 859
-688 225 -163
501 672 803
23 789 -35
768 357 953
-109 -209 -780
-629 -111 968
33 -869 713
956 885 798
510 381 718
-604 973 -70
392 -365 315
-622 -902 361
-355 91 -830
333 936 697
-547 467 365
-77 383 955
691 851 -865
-204 571 -534
-884 -949 -62
-989 890 -594
917 796 -441
-623 -632 937
171 -873 215
-331 -814 132
11 -339 -317
814 -192 89
-846 -774 -560
920 261 155
-369 -585 -122
-545 795 -531
99 916 449
519 522 787
-826 825 145
982 -295 -634
490 -716 182
-228 -854 -183
594 -789 354
-951 -91 591
878 -797 691
-951 783 -329
464 -641 -662
-138 -391 -88
-692 800 -724
-997 170 -686
-752 674 873
-318 -325 732
[RUN #11 4 100]
-276 567 319 622
-887 387 -381 583
-411 474 898 610
839 -974 527 -95
276 -109 380 848
-546 -956 315 957
-681 956 -512 507
35 692 597 329
-466 -268 -43 385
-499 995 254 -88
884 549 524 -955
632 63 616 -652
-305 505 138 -18
-39 -390 -124 -937
194 -708 697 91
-867 749 -826 747
28 -138 -589 348
-603 274 -83 -763
615 272 452 422
-288 -627 -771 -534
-116 754 -196 233
238 61 711 338
-971 -922 590 -488
894 -379 937 494
-348 -940 -855 288
-391 152 -958 102
241 776 -461 -834
801 -161 161 140
-259 -837 207 -535
649 -922 136 -390
-175 498 620 290
605 630 -295 -275
-587 -235 -590 -610
-421 -434 -388 339
-650 468 979 -970
395 524 521 797
-169 582 -920 -760
-919 -515 158 742
-166 -111 185 417
-628 423 -777 -99
990 -5 400 218
383 746 -300 560
365 850 235 -455
449 697 462 -680
-573 180 -476 314
-444 -189 73 476
-731 -402 -237 283
202 -775 -608 360
-697 -163 615 477
588 457 -237 -785
-284 -268 -258 -150
807 823 -772 -923
-811 -386 847 285
609 -925 -109 -382
-766 718 -89 -223
22 703 801 -747
61 -255 -474 -762
329 457 -754 -991
-434 333 758 -273
113 -372 423 121
-26 -135 19 -963
265 -742 975 -337
-427 -743 -245 -753
-506 -2 652 998
-658 742 143 -676
23 635 784 -217
-574 704 399 -666
705 138 -256 526
-769 -518 -164 579
-841 11 -894 -732
778 -914 829 -564
918 -336 -422 -160
-217 -192 -666 -770
-216 -17 993 562
-599 473 58 227
-696 -226 431 -893
276 -173 429 236
550 108 620 728
-130 -867 -236 -694
-751 -308 -646 98
201 934 -925 -235
-537 528 378 712
259 982 261 -510
-921 526 -516 470
73 -287 -632 -127
-415 151 623 229
-688 -365 -582 568
-623 408 -499 -988
324 636 -657 -681
-503 -335 587 -641
491 648 -317 -725
-828 264 226 607
-141 261 -902 368
-7 392 120 -739
965 -770 736 388
961 204 607 -453
712 -115 657 910
898 -155 -565 11
-47 -435 -645 -637
466 -293 666 134
[RUN #12 4 100]
119 -964 -718 722
168 719 525 258
-118 292 -891 -683
670 -838 364 -377
826 -941 -228 767
-345 -454 -805 -752
-823 322 -690 407
-572 891 603 488
-409 -388 -202 -240
366 -703 453 -803
-479 431 271 -97
-109 -342 -561 970
-496 922 -301 -113
-471 130 259 80
-750 -135 -363 -553
434 -759 -937 37
-371 792 849 -151
347 434 -831 682
92 385 -498 -170
771 864 764 -805
-555 -283 25 -208
-840 543 631 924
-289 -858 -805 -555
908 728 -65 832
759 -66 -667 744
21 235 -73 80
-678 -955 -83 -822
303 -123 -699 -656
-993 -159 -830 -576
75 836 656 834
508 642 -243 572
-712 705 -782 -124
298 -107 991 330
-512 270 201 740
-124 -82 825 -516
866 -516 -1 263
991 -905 936 738
-16 236 997 951
-945 768 133 -487
833 385 404 -662
-105 -78 -24 -532
116 6 539 -206
-251 -563 -358 -353
904 158 301 908
333 -542 262 564
-30 -692 -594 39
331 -804 -304 885
-811 -621 -371 -334
-600 795 -493 831
83 585 -358 -345
-360 772 -664 -363
-599 986 -950 690
992 196 882 123
-834 626 -413 -293
32 61 -882 967
807 562 -116 713
248 826 -807 413
-365 -838 -803 330
842 321 -742 -362
77 -492 -140 861
222 -817 -771 -934
386 -514 -251 852
-336 183 936 -40
39 -31 -173 -746
-109 767 786 -535
926 990 947 -25
-570 491 460 -180
-176 764 -318 -813
122 978 -191 508
198 408 -196 659
-739 -838 -528 793
-91 -445 -429 -648
-305 140 -634 -26
382 128 -338 -865
-343 -172 -842 -402
534 -79 -540 906
324 706 592 -257
-29 795 -287 -547
615 480 277 -123
-181 -630 -346 477
453 211 -932 -920
229 421 -367 502
-930 875 -248 301
-749 749 -833 -630
-919 -95 691 443
-540 708 415 -418
807 -198 -944 338
445 449 792 -842
355 222 623 428
-128 732 -751 82
-498 -208 357 -442
-18 546 -681 191
-621 933 -316 550
892 972 551 85
649 537 544 -948
-615 -932 -116 44
-585 439 932 679
895 -89 -424 -845
906 -672 80 -553
946 839 -864 -305
[RUN #13 4 100]
-616 559 206 -326
721 891 271 -11
-914 706 350 646
46 -620 277 958
22 658 -576 160
947 -214 803 577
-158 977 -194 -678
-89 366 875 267
-83 -975 -53 -609
-273 368 -806 448
313 856 -959 -867
35 100 -733 -198
-782 -555 -755 644
-168 522 -275 -644
816 -303 759 481
-782 -429 9 681
-45 652 -625 -352
784 86 331 808
-262 -414 133 301
-460 -37 25 -875
309 -922 -663 -962
504 232 923 930
529 -61 571 -988
-293 421 -881 -627
521 -199 -841 501
952 322 -185 -207
-789 -701 254 568
-496 367 413 536
-378 -388 -70 716
-890 73 -343 640
577 919 -848 641
839 126 -926 -945
103 942 349 -641
-481 381 -909 -409
659 91 -771 -876
549 -185 427 -765
266 -882 -772 441
731 -135 996 -561
229 -780 -912 -49
77 -14 -140 684
830 -691 613 328
629 -319 -1000 922
466 197 304 -675
-390 -417 -382 763
-458 -911 767 -827
-314 -854 296 -683
194 594 -686 -289
-849 -486 746 -368
-194 728 -420 -975
799 -279 149 -962
249 562 -757 -159
772 -649 164 -222
-692 -504 304 -147
-443 -740 -986 -416
-572 -847 -179 706
-218 514 -336 719
90 416 354 545
592 -678 432 -468
573 844 -423 420
-64 -614 -767 524
385 722 665 573
-466 -195 -181 817
-880 958 274 -556
699 37 614 104
-885 862 492 872
-567 579 -33 -41
-185 975 188 368
-366 799 -42 322
492 -603 -99 -183
212 61 761 -33
-59 -425 -122 -256
893 -862 42 -134
-145 -658 -146 607
214 921 -258 44
122 -406 -318 -675
446 978 -875 600
492 64 42 -728
-64 449 -6 778
328 -925 626 117
440 -197 -966 -919
-537 179 -942 -227
940 -222 629 320
-618 434 512 417
-275 766 699 -33
657 -439 -513 955
-899 -245 -334 71
-875 521 -515 -865
-815 -148 475 -641
-219 728 -998 -757
37 602 -434 -708
759 639 -263 560
-348 464 -918 761
-234 795 -990 61
525 -166 170 -286
-917 641 -421 -146
-301 -36 -827 -454
-473 983 480 -688
-841 329 905 -127
945 501 994 12
680 -870 -472 -604
[RUN #14 5 100]
931 -841 619 -839 170
-984 -354 -443 -798 -451
45 71 -259 248 -662
89 -646 645 782 48
68 59 -691 -567 -487
-73 -710 -327 -431 220
22 -592 -591 158 -966
-767 -741 -468 -577 -596
849 -4 742 -270 -779
756 553 850 -416 239
-544 919 117 808 82
-655 -580 -287 14 -183
-332 -581 440 -310 -631
-175 -40 -602 112 -95
492 391 -435 -793 807
-535 415 -507 -707 178
-418 -486 -708 -206 -293
218 861 -238 597 639
776 989 -847 -148 637
-245 -411 -945 17 769
831 -365 -378 396 259
-9 843 -129 917 -849
-334 -960 78 -95 -813
-702 -149 756 271 781
-875 -119 848 271 957
178 469 -983 943 576
-312 -873 368 -447 74
-674 494 -652 54 874
-329 -585 -613 -30 -694
217 578 941 866 259
966 -906 -170 470 -419
-832 -420 613 604 -34
-313 961 -384 -774 599
235 284 725 341 -904
743 804 -378 -5 490
593 799 -489 293 -272
-359 512 -470 479 579
369 762 197 736 5
-616 -898 157 -10 449
227 -671 -870 739 -853
825 -151 948 247 976
94 642 -958 514 503
786 -320 -84 -350 755
-255 929 -119 732 -933
-581 405 -516 533 869
-667 -568 420 657 917
429 -808 802 373 448
446 318 -670 -957 292
-533 -115 191 394 -1
576 866 627 853 -714
778 975 -968 305 -81
343 -786 78 -178 443
-213 603 -343 -248 768
-823 -596 -633 315 654
998 982 807 -873 164
-757 675 -724 540 589
-141 -13 920 552 -378
458 855 725 -606 151
818 -996 876 -896 -643
-925 958 208 -852 408
-936 -66 261 438 -309
543 -398 284 659 122
916 344 -695 -981 864
-949 963 -690 -511 -322
269 -464 334 224 128
-24 -202 -108 220 179
784 440 289 306 591
211 305 678 594 -612
-783 146 467 915 -212
814 356 302 212 -6
869 839 886 -906 248
444 -134 -928 501 181
-387 868 564 975 -481
-777 599 822 242 -404
877 186 -39 936 139
-710 511 -593 -611 -509
-999 -308 -568 -173 -256
83 744 227 -68 222
-65 -520 -948 -578 98
563 -807 931 396 772
823 -256 -74 4 383
-913 -864 -932 -398 -85
322 -853 316 840 777
-182 -32 -279 -155 -288
397 -837 750 394 885
-903 926 601 253 -499
-904 -708 -826 489 -562
437 -278 992 732 -68
134 913 -124 -9 -31
-548 941 -230 246 741
-358 189 -98 -288 -59
763 691 -561 -93 -262
523 -414 -782 -297 758
660 -351 -701 307 -329
774 -327 132 -969 -736
675 719 -863 457 -309
-625 268 -837 978 -653
-453 838 563 -642 -239
210 610 -472 -942 783
-198 -835 -566 -902 740
[RUN #15 6 100]
-851 -663 -222 -474 883 -472
-348 -23 60 200 570 156
703 -509 -45 54 918 751
227 -449 573 153 -363 -213
-86 357 766 50 -58 -476
730 -719 -340 -384 555 -945
549 -795 -663 -153 643 -690
-288 504 368 731 373 811
206 751 292 419 -224 695
108 342 53 -924 -662 335
-161 101 633 829 429 -150
647 15 -852 11 -328 620
451 257 -452 572 729 137
-709 552 -442 288 -186 819
-921 598 -396 -480 669 -442
449 547 409 867 432 -621
457 979 997 709 512 -612
-812 -128 -562 -460 -257 450
55 690 8 -935 643 -635
-434 316 323 -180 -292 592
120 -131 590 130 926 -413
239 296 956 -2 913 -983
280 172 -459 127 -87 729
606 -138 258 498 594 -371
-468 919 469 239 63 -209
967 790 -942 -57 -435 -967
193 -894 -105 601 685 886
233 299 454 -348 292 -675
750 85 -1 588 -402 -784
-289 133 972 -143 157 -188
-855 794 -239 -699 -119 310
-348 724 213 849 -780 268
416 393 -897 95 748 -657
-280 -156 -237 695 534 -177
-395 261 610 726 784 624
-670 298 334 -995 367 666
-624 -577 951 -737 418 142
417 925 694 298 -871 371
-901 19 -382 667 544 -974
935 576 210 -224 -463 188
32 -325 962 860 -71 890
520 497 -223 -507 -186 198
437 -865 -892 23 760 -823
955 391 -519 931 -963 773
302 -919 362 -706 -505 -623
173 -403 -703 850 711 -718
719 -118 -751 -767 -156 387
-659 184 30 -381 -201 863
264 -630 -159 102 266 438
565 -720 720 -455 956 142
-432 -478 243 650 755 -471
19 931 -387 -654 754 -978
-236 -522 705 868 663 7
826 688 139 -285 154 370
-395 -88 794 -876 921 769
323 -787 741 -519 202 -879
-18 982 74 303 741 296
42 -127 -439 282 -652 -695
-443 658 215 -896 -245 730
869 -534 758 -392 -346 -845
292 -134 -725 -58 -386 -897
-612 414 -489 701 566 15
-951 -52 -970 -668 -704 -372
-392 -777 439 345 -835 -147
-754 873 -792 -680 805 479
-63 -798 256 -852 -732 341
-964 -997 152 -731 617 462
-426 -65 -568 733 -194 828
991 -445 -545 -211 -888 990
835 753 -520 205 581 18
366 -373 -431 814 468 -68
-18 -760 -964 495 817 -408
-878 -396 346 -19 94 297
-845 -664 -251 721 442 443
729 -785 226 -404 224 884
-509 405 -873 -215 828 -146
740 -832 958 708 388 235
355 600 -269 358 -655 801
697 -593 450 -531 953 -565
-240 941 779 696 -739 -858
628 -492 -329 156 -45 -435
310 -44 153 -569 500 -361
571 57 -249 -419 -111 510
-944 -65 153 220 754 499
881 323 383 -469 -905 447
-80 -303 -58 -644 -12 661
-359 -880 976 277 463 -360
-979 302 863 860 -780 -207
-500 230 538 -555 -985 211
370 -743 -885 -920 10 170
-805 733 -488 682 200 591
665 -283 -188 309 -319 -193
112 178 416 19 -942 131
928 685 -874 43 585 -550
-751 939 -784 916 88 756
-238 -193 -752 559 963 998
125 -496 -94 417 -993 638
-187 622 -781 -51 804 987
-299 132 -419 -782 771 789
-373 -116 897 -160 261 -990
